<?xml version="1.0" encoding="UTF-8"?>
<testng-results ignored="0" total="1" passed="1" failed="0" skipped="0">
  <reporter-output>
  </reporter-output>
  <suite started-at="2023-11-05T22:24:08 IST" name="Default suite" finished-at="2023-11-05T22:24:34 IST" duration-ms="25732">
    <groups>
    </groups>
    <test started-at="2023-11-05T22:24:08 IST" name="Default test" finished-at="2023-11-05T22:24:34 IST" duration-ms="25732">
      <class name="Maven21.Orangehrm">
        <test-method signature="Forlaunchlrl(org.testng.ITestContext)[pri:0, instance:Maven21.Orangehrm@738dc9b]" started-at="2023-11-05T22:24:08 IST" name="Forlaunchlrl" finished-at="2023-11-05T22:24:33 IST" duration-ms="25659" status="PASS">
          <params>
            <param index="0">
              <value>
                <![CDATA[org.testng.TestRunner@465232e9]]>
              </value>
            </param>
          </params>
          <reporter-output>
          </reporter-output>
        </test-method> <!-- Forlaunchlrl -->
      </class> <!-- Maven21.Orangehrm -->
    </test> <!-- Default test -->
  </suite> <!-- Default suite -->
</testng-results>
